<?xml version="1.0" encoding="UTF-8"?>
<!-- Generated by org.testng.reporters.JUnitReportReporter -->
<testsuite skipped="0" hostname="Harveen-Lap" name="AcademyHaru.HaruE2EProject.HomePageTest" tests="2" failures="0" timestamp="2021-08-17T23:14:32 IST" time="15.485" errors="0">
  <testcase name="basePageNavigation" time="5.793" classname="AcademyHaru.HaruE2EProject.HomePageTest"/>
  <system-out/>
  <testcase name="basePageNavigation" time="9.692" classname="AcademyHaru.HaruE2EProject.HomePageTest"/>
  <system-out/>
</testsuite> <!-- AcademyHaru.HaruE2EProject.HomePageTest -->
