<?xml version="1.0" encoding="UTF-8"?>
<!-- Generated by org.testng.reporters.JUnitReportReporter -->
<testsuite skipped="0" hostname="Harveen-Lap" name="AcademyHaru.HaruE2EProject.AppTest" tests="1" failures="0" timestamp="2021-08-17T23:14:33 IST" time="0.020" errors="0">
  <testcase name="shouldAnswerWithTrue" time="0.020" classname="AcademyHaru.HaruE2EProject.AppTest"/>
  <system-out/>
</testsuite> <!-- AcademyHaru.HaruE2EProject.AppTest -->
