<?xml version="1.0" encoding="UTF-8"?>
<!-- Generated by org.testng.reporters.JUnitReportReporter -->
<testsuite hostname="Harveen-Lap" failures="0" tests="2" name="AcademyHaru.HaruE2EProject.HomePage" time="11.890" errors="0" timestamp="2021-08-13T17:28:53 IST" skipped="0">
  <testcase classname="AcademyHaru.HaruE2EProject.HomePage" name="basePageNavigation" time="5.895"/>
  <system-out/>
  <testcase classname="AcademyHaru.HaruE2EProject.HomePage" name="basePageNavigation" time="5.995"/>
  <system-out/>
</testsuite> <!-- AcademyHaru.HaruE2EProject.HomePage -->
