<?xml version="1.0" encoding="UTF-8"?>
<!-- Generated by org.testng.reporters.JUnitReportReporter -->
<testsuite hostname="Harveen-Lap" failures="0" tests="1" name="AcademyHaru.HaruE2EProject.ValidateTitle" time="7.053" errors="0" timestamp="2021-08-13T20:04:36 IST" skipped="0">
  <testcase classname="AcademyHaru.HaruE2EProject.ValidateTitle" name="basePageNavigation" time="7.053"/>
  <system-out/>
</testsuite> <!-- AcademyHaru.HaruE2EProject.ValidateTitle -->
